00000000000i[      ] Bochs x86 Emulator 2.6.7
00000000000i[      ]   Built from SVN snapshot on November 2, 2014
00000000000i[      ] Compiled on Feb  1 2016 at 22:52:11
00000000000i[      ] System configuration
00000000000i[      ]   processors: 1 (cores=1, HT threads=1)
00000000000i[      ]   A20 line support: yes
00000000000i[      ] IPS is set to 4000000
00000000000i[      ] CPU configuration
00000000000i[      ]   SMP support: no
00000000000i[      ]   level: 6
00000000000i[      ]   APIC support: xapic
00000000000i[      ]   FPU support: yes
00000000000i[      ]   MMX support: yes
00000000000i[      ]   3dnow! support: no
00000000000i[      ]   SEP support: yes
00000000000i[      ]   SIMD support: sse2
00000000000i[      ]   XSAVE support: no 
00000000000i[      ]   AES support: no
00000000000i[      ]   SHA support: no
00000000000i[      ]   MOVBE support: no
00000000000i[      ]   ADX support: no
00000000000i[      ]   x86-64 support: no
00000000000i[      ]   MWAIT support: yes
00000000000i[      ] Optimization configuration
00000000000i[      ]   RepeatSpeedups support: no
00000000000i[      ]   Fast function calls: no
00000000000i[      ]   Handlers Chaining speedups: no
00000000000i[      ] Devices configuration
00000000000i[      ]   NE2000 support: no
00000000000i[      ]   PCI support: yes, enabled=yes
00000000000i[      ]   SB16 support: no
00000000000i[      ]   USB support: no
00000000000i[      ]   VGA extension support: vbe
00000000000i[MEM0  ] allocated memory at 0xb5433008. after alignment, vector=0xb5434000
00000000000i[MEM0  ] 8.00MB
00000000000i[MEM0  ] mem block size = 0x00100000, blocks=8
00000000000i[MEM0  ] rom at 0xfffe0000/131072 ('/usr/share/bochs/BIOS-bochs-latest')
00000000000i[PLUGIN] init_dev of 'pci' plugin device by virtual method
00000000000i[DEV   ] i440FX PMC present at device 0, function 0
00000000000i[PLUGIN] init_dev of 'pci2isa' plugin device by virtual method
00000000000i[DEV   ] PIIX3 PCI-to-ISA bridge present at device 1, function 0
00000000000i[PLUGIN] init_dev of 'cmos' plugin device by virtual method
00000000000i[CMOS  ] Using local time for initial clock
00000000000i[CMOS  ] Setting initial clock to: Mon Mar  7 22:19:42 2016 (time0=1457356782)
00000000000i[PLUGIN] init_dev of 'dma' plugin device by virtual method
00000000000i[DMA   ] channel 4 used by cascade
00000000000i[PLUGIN] init_dev of 'pic' plugin device by virtual method
00000000000i[PLUGIN] init_dev of 'pit' plugin device by virtual method
00000000000i[PLUGIN] init_dev of 'vga' plugin device by virtual method
00000000000i[MEM0  ] Register memory access handlers: 0x0000000a0000 - 0x0000000bffff
00000000000i[VGA   ] interval=16666
00000000000i[MEM0  ] Register memory access handlers: 0x0000e0000000 - 0x0000e0ffffff
00000000000i[BXVGA ] VBE Bochs Display Extension Enabled
00000000000i[XGUI  ] test_alloc_colors: 16 colors available out of 16 colors tried
00000000000i[XGUI  ] font 8 wide x 16 high, display depth = 24
00000000000i[MEM0  ] rom at 0xc0000/41472 ('/usr/share/bochs/VGABIOS-lgpl-latest')
00000000000i[PLUGIN] init_dev of 'floppy' plugin device by virtual method
00000000000i[DMA   ] channel 2 used by Floppy Drive
00000000000i[FLOPPY] fd0: 'fd.img' ro=0, h=2,t=80,spt=18
00000000000i[PLUGIN] init_dev of 'acpi' plugin device by virtual method
00000000000i[DEV   ] ACPI Controller present at device 1, function 3
00000000000i[PLUGIN] init_dev of 'ioapic' plugin device by virtual method
00000000000i[IOAPIC] initializing I/O APIC
00000000000i[MEM0  ] Register memory access handlers: 0x0000fec00000 - 0x0000fec00fff
00000000000i[IOAPIC] IOAPIC enabled (base address = 0xfec00000)
00000000000i[PLUGIN] init_dev of 'keyboard' plugin device by virtual method
00000000000i[KBD   ] will paste characters every 400 keyboard ticks
00000000000i[PLUGIN] init_dev of 'harddrv' plugin device by virtual method
00000000000i[HD    ] HD on ata0-0: 'diskc.img', 'flat' mode
00000000000i[IMG   ] hd_size: 10485760
00000000000i[HD    ] ata0-0: using specified geometry: CHS=40/8/63
00000000000i[HD    ] ata0-0: extra data outside of CHS address range
00000000000i[HD    ] translation on ata0-0 set to 'none'
00000000000i[HD    ] Using boot sequence floppy, none, none
00000000000i[HD    ] Floppy boot signature check is enabled
00000000000i[PLUGIN] init_dev of 'pci_ide' plugin device by virtual method
00000000000i[DEV   ] PIIX3 PCI IDE controller present at device 1, function 1
00000000000i[PLUGIN] init_dev of 'unmapped' plugin device by virtual method
00000000000i[PLUGIN] init_dev of 'biosdev' plugin device by virtual method
00000000000i[PLUGIN] init_dev of 'speaker' plugin device by virtual method
00000000000e[PCSPK ] Failed to open /dev/console: Permission denied
00000000000e[PCSPK ] Deactivating beep on console
00000000000i[PLUGIN] init_dev of 'extfpuirq' plugin device by virtual method
00000000000i[PLUGIN] init_dev of 'parallel' plugin device by virtual method
00000000000i[PAR   ] parallel port 1 at 0x0378 irq 7
00000000000i[PLUGIN] init_dev of 'serial' plugin device by virtual method
00000000000i[SER   ] com1 at 0x03f8 irq 4 (mode: null)
00000000000i[PLUGIN] init_dev of 'iodebug' plugin device by virtual method
00000000000i[PLUGIN] register state of 'pci' plugin device by virtual method
00000000000i[PLUGIN] register state of 'pci2isa' plugin device by virtual method
00000000000i[PLUGIN] register state of 'cmos' plugin device by virtual method
00000000000i[PLUGIN] register state of 'dma' plugin device by virtual method
00000000000i[PLUGIN] register state of 'pic' plugin device by virtual method
00000000000i[PLUGIN] register state of 'pit' plugin device by virtual method
00000000000i[PLUGIN] register state of 'vga' plugin device by virtual method
00000000000i[PLUGIN] register state of 'floppy' plugin device by virtual method
00000000000i[PLUGIN] register state of 'unmapped' plugin device by virtual method
00000000000i[PLUGIN] register state of 'biosdev' plugin device by virtual method
00000000000i[PLUGIN] register state of 'speaker' plugin device by virtual method
00000000000i[PLUGIN] register state of 'extfpuirq' plugin device by virtual method
00000000000i[PLUGIN] register state of 'parallel' plugin device by virtual method
00000000000i[PLUGIN] register state of 'serial' plugin device by virtual method
00000000000i[PLUGIN] register state of 'iodebug' plugin device by virtual method
00000000000i[PLUGIN] register state of 'acpi' plugin device by virtual method
00000000000i[PLUGIN] register state of 'ioapic' plugin device by virtual method
00000000000i[PLUGIN] register state of 'keyboard' plugin device by virtual method
00000000000i[PLUGIN] register state of 'harddrv' plugin device by virtual method
00000000000i[PLUGIN] register state of 'pci_ide' plugin device by virtual method
00000000000i[SYS   ] bx_pc_system_c::Reset(HARDWARE) called
00000000000i[CPU0  ] cpu hardware reset
00000000000i[APIC0 ] allocate APIC id=0 (MMIO enabled) to 0x0000fee00000
00000000000i[CPU0  ] CPUID[0x00000000]: 00000005 756e6547 6c65746e 49656e69
00000000000i[CPU0  ] CPUID[0x00000001]: 00000633 00010800 00000008 1fcbfbff
00000000000i[CPU0  ] CPUID[0x00000002]: 00410601 00000000 00000000 00000000
00000000000i[CPU0  ] CPUID[0x00000003]: 00000000 00000000 00000000 00000000
00000000000i[CPU0  ] CPUID[0x00000004]: 00000000 00000000 00000000 00000000
00000000000i[CPU0  ] CPUID[0x00000005]: 00000040 00000040 00000003 00000020
00000000000i[PLUGIN] reset of 'pci' plugin device by virtual method
00000000000i[PLUGIN] reset of 'pci2isa' plugin device by virtual method
00000000000i[PLUGIN] reset of 'cmos' plugin device by virtual method
00000000000i[PLUGIN] reset of 'dma' plugin device by virtual method
00000000000i[PLUGIN] reset of 'pic' plugin device by virtual method
00000000000i[PLUGIN] reset of 'pit' plugin device by virtual method
00000000000i[PLUGIN] reset of 'vga' plugin device by virtual method
00000000000i[PLUGIN] reset of 'floppy' plugin device by virtual method
00000000000i[PLUGIN] reset of 'acpi' plugin device by virtual method
00000000000i[PLUGIN] reset of 'ioapic' plugin device by virtual method
00000000000i[PLUGIN] reset of 'keyboard' plugin device by virtual method
00000000000i[PLUGIN] reset of 'harddrv' plugin device by virtual method
00000000000i[PLUGIN] reset of 'pci_ide' plugin device by virtual method
00000000000i[PLUGIN] reset of 'unmapped' plugin device by virtual method
00000000000i[PLUGIN] reset of 'biosdev' plugin device by virtual method
00000000000i[PLUGIN] reset of 'speaker' plugin device by virtual method
00000000000i[PLUGIN] reset of 'extfpuirq' plugin device by virtual method
00000000000i[PLUGIN] reset of 'parallel' plugin device by virtual method
00000000000i[PLUGIN] reset of 'serial' plugin device by virtual method
00000000000i[PLUGIN] reset of 'iodebug' plugin device by virtual method
00000000000i[XGUI  ] Mouse capture off
00000000000i[XGUI  ] Mouse capture off
00000003305i[BIOS  ] $Revision: 1.257 $ $Date: 2011/01/26 09:52:02 $
00000318057i[KBD   ] reset-disable command received
00000447887i[VBIOS ] VGABios $Id: vgabios.c,v 1.75 2011/10/15 14:07:21 vruppert Exp $
00000447958i[BXVGA ] VBE known Display Interface b0c0
00000447990i[BXVGA ] VBE known Display Interface b0c5
00000450915i[VBIOS ] VBE Bios $Id: vbe.c,v 1.64 2011/07/19 18:25:05 vruppert Exp $
00000627684i[XGUI  ] charmap update. Font Height is 16
00000771031i[BIOS  ] Starting rombios32
00000771469i[BIOS  ] Shutdown flag 0
00000772041i[BIOS  ] ram_size=0x00800000
00000772440i[BIOS  ] ram_end=8MB
00000812963i[BIOS  ] Found 1 cpu(s)
00000828811i[BIOS  ] bios_table_addr: 0x000fb928 end=0x000fcc00
00001156602i[PCI   ] i440FX PMC write to PAM register 59 (TLB Flush)
00001484530i[P2ISA ] PCI IRQ routing: PIRQA# set to 0x0b
00001484549i[P2ISA ] PCI IRQ routing: PIRQB# set to 0x09
00001484568i[P2ISA ] PCI IRQ routing: PIRQC# set to 0x0b
00001484587i[P2ISA ] PCI IRQ routing: PIRQD# set to 0x09
00001484597i[P2ISA ] write: ELCR2 = 0x0a
00001485368i[BIOS  ] PIIX3/PIIX4 init: elcr=00 0a
00001493040i[BIOS  ] PCI: bus=0 devfn=0x00: vendor_id=0x8086 device_id=0x1237 class=0x0600
00001495315i[BIOS  ] PCI: bus=0 devfn=0x08: vendor_id=0x8086 device_id=0x7000 class=0x0601
00001497429i[BIOS  ] PCI: bus=0 devfn=0x09: vendor_id=0x8086 device_id=0x7010 class=0x0101
00001497653i[PIDE  ] new BM-DMA address: 0xc000
00001498268i[BIOS  ] region 4: 0x0000c000
00001500295i[BIOS  ] PCI: bus=0 devfn=0x0b: vendor_id=0x8086 device_id=0x7113 class=0x0680
00001500524i[ACPI  ] new irq line = 11
00001500536i[ACPI  ] new irq line = 9
00001500561i[ACPI  ] new PM base address: 0xb000
00001500575i[ACPI  ] new SM base address: 0xb100
00001500603i[PCI   ] setting SMRAM control register to 0x4a
00001664696i[CPU0  ] Enter to System Management Mode
00001664707i[CPU0  ] RSM: Resuming from System Management Mode
00001828728i[PCI   ] setting SMRAM control register to 0x0a
00001837478i[BIOS  ] MP table addr=0x000fba00 MPC table addr=0x000fb930 size=0xd0
00001839292i[BIOS  ] SMBIOS table addr=0x000fba10
00001842425i[BIOS  ] Firmware waking vector 0x7f00cc
00001847336i[BIOS  ] ACPI tables: RSDP addr=0x000fbb30 ACPI DATA addr=0x007f0000 size=0x1f18
00001847372i[PCI   ] i440FX PMC write to PAM register 59 (TLB Flush)
00001848096i[BIOS  ] bios_table_cur_addr: 0x000fbb54
00001860265i[BIOS  ] ata0-0: PCHS=40/8/63 translation=none LCHS=40/8/63
00005740525i[BIOS  ] IDE time out
00017995642i[BIOS  ] Booting from 0000:7c00
00035499257i[FLOPPY] controller reset in software
00154576000p[XGUI  ] >>PANIC<< POWER button turned off.
00154576000i[CPU0  ] CPU is in protected mode (active)
00154576000i[CPU0  ] CS.mode = 32 bit
00154576000i[CPU0  ] SS.mode = 32 bit
00154576000i[CPU0  ] EFER   = 0x00000000
00154576000i[CPU0  ] | EAX=00004000  EBX=00000003  ECX=00000018  EDX=00000000
00154576000i[CPU0  ] | ESP=00005f5c  EBP=00005f84  ESI=000263f8  EDI=00000000
00154576000i[CPU0  ] | IOPL=0 id vip vif ac vm rf nt of df if tf sf ZF af PF cf
00154576000i[CPU0  ] | SEG sltr(index|ti|rpl)     base    limit G D
00154576000i[CPU0  ] |  CS:0008( 0001| 0|  0) 00000000 ffffffff 1 1
00154576000i[CPU0  ] |  DS:0010( 0002| 0|  0) 00000000 ffffffff 1 1
00154576000i[CPU0  ] |  SS:0010( 0002| 0|  0) 00000000 ffffffff 1 1
00154576000i[CPU0  ] |  ES:0010( 0002| 0|  0) 00000000 ffffffff 1 1
00154576000i[CPU0  ] |  FS:0000( 0000| 0|  0) 00000000 00000000 0 0
00154576000i[CPU0  ] |  GS:0000( 0000| 0|  0) 00000000 00000000 0 0
00154576000i[CPU0  ] | EIP=00015bee (00015bee)
00154576000i[CPU0  ] | CR0=0xe0000011 CR2=0x00000000
00154576000i[CPU0  ] | CR3=0x0000d000 CR4=0x00000000
00154576000i[CMOS  ] Last time is 1457356820 (Mon Mar  7 22:20:20 2016)
00154576000i[XGUI  ] Exit
00154576000i[SIM   ] quit_sim called with exit code 1
